[LOG] System::create                           : Header version = 2.02.07. Current version = 2.02.07.
[LOG] Manager::init                            : maxchannels = 256 studioflags = 00000006 flags 00000000 extradriverdata 0000000000000000.
[LOG] SystemI::init                            : Initialize version=20207 (125130), maxchannels=256, flags=0x00020000
[LOG] SystemI::setOutputInternal               : Setting output to 'FMOD WASAPI Output'
[LOG] OutputWASAPI::init                       : Mix Format (WAVEFORMATEX): wFormatTag=0xFFFE, nChannels=2, nSamplesPerSec=44100, nAvgBytesPerSec=352800, nBlockAlign=8, wBitsPerSample=32, cbSize=22.
[LOG] OutputWASAPI::init                       : Mix Format (WAVEFORMATEXTENSIBLE): wValidBitsPerSample=32, dwChannelMask=0x00000003, SubFormat=00000003-0000-0010-8000-00AA00389B71.
[LOG] OutputWASAPI::init                       : Output buffer size: 3760 samples, latency: 11.61ms, period: 10.00ms, DSP buffer: 1024 * 4
[LOG] SystemI::init                            : Output requires a sample rate of 44100Hz, resampling will occur.
[LOG] Thread::initThread                       : Init FMOD stream thread. Affinity: 0x4000000000000003, Priority: 0xFFFF7FFB, Stack Size: 98304, Semaphore: No, Sleep Time: 10, Looping: Yes.
[LOG] Thread::initThread                       : Init FMOD mixer thread. Affinity: 0x4000000000000001, Priority: 0xFFFF7FFA, Stack Size: 81920, Semaphore: No, Sleep Time: 0, Looping: Yes.
[LOG] AsyncManager::init                       : manager 000000CEABE01978 isAsync 0 updatePeriod 0.02
[LOG] AsyncManager::init                       : done
[LOG] PlaybackSystem::init                     : 
[LOG] Thread::initThread                       : Init FMOD Studio sample load thread. Affinity: 0x4000000000000003, Priority: 0xFFFF7FFD, Stack Size: 98304, Semaphore: No, Sleep Time: 1, Looping: No.
[LOG] PlaybackSystem::init                     : done
[LOG] Thread::initThread                       : Init FMOD Studio bank load thread. Affinity: 0x4000000000000003, Priority: 0xFFFF7FFD, Stack Size: 98304, Semaphore: No, Sleep Time: 1, Looping: No.
[LOG] Manager::init                            : done.
[LOG] Manager::readBank                        : fileversion = 141, compatVersion = 140 (oldest = 44, newest = 142)
[LOG] Manager::readBank                        : fileversion = 141, compatVersion = 140 (oldest = 44, newest = 142)
[LOG] Manager::readBank                        : fileversion = 141, compatVersion = 140 (oldest = 44, newest = 142)
[LOG] PlaybackSystem::acquireMasterBus         : Setting master channel group format to 6
[LOG] SystemI::createSoundInternal             : Create name='', mode=0x02000202
[LOG] SystemI::createSoundInternal             : exinfo->cbsize             = 224
[LOG] SystemI::createSoundInternal             : exinfo->length             = 7030624
[LOG] SystemI::createSoundInternal             : exinfo->fileoffset         = 8672
[LOG] SystemI::createSoundInternal             : exinfo->numsubsounds       = 1
[LOG] SystemI::createSoundInternal             : exinfo->inclusionlist      = 000000CE039EEF58
[LOG] SystemI::createSoundInternal             : exinfo->inclusionlistnum   = 1
[LOG] SystemI::createSoundInternal             : exinfo->suggestedsoundtype = 5
[LOG] SystemI::createSoundInternal             : exinfo->useropen           = 00007FF83E8246D0
[LOG] SystemI::createSoundInternal             : exinfo->userclose          = 00007FF83E8246A0
[LOG] SystemI::createSoundInternal             : exinfo->userread           = 00007FF83E8247A0
[LOG] SystemI::createSoundInternal             : exinfo->userseek           = 00007FF83E824860
[LOG] SystemI::createSoundInternal             : exinfo->fileuserdata       = 000000CDDF9E7598
[LOG] SystemI::createSoundInternal             : exinfo->initialseekpostype = 1
[LOG] SystemI::DSPCodecPoolRegister            : register codec pool for pool type 5
[LOG] SystemI::createSoundInternal             : Sample 0/1: name='sfx_drawCard1', format=5, channels=2, frequency=48000, lengthbytes=5856, lengthpcm=20571, pcmblocksize=0, loopstart=0, loopend=0, mode=0x00000000, channelmask=0x00000000, channelorder=0, peakvolume=0.221985.
[LOG] SystemI::createSoundInternal             : Create name='', mode=0x02000202
[LOG] SystemI::createSoundInternal             : exinfo->cbsize             = 224
[LOG] SystemI::createSoundInternal             : exinfo->length             = 7030624
[LOG] SystemI::createSoundInternal             : exinfo->fileoffset         = 8672
[LOG] SystemI::createSoundInternal             : exinfo->numsubsounds       = 1
[LOG] SystemI::createSoundInternal             : exinfo->inclusionlist      = 000000CE039EEF58
[LOG] SystemI::createSoundInternal             : exinfo->inclusionlistnum   = 1
[LOG] SystemI::createSoundInternal             : exinfo->suggestedsoundtype = 5
[LOG] SystemI::createSoundInternal             : exinfo->useropen           = 00007FF83E8246D0
[LOG] SystemI::createSoundInternal             : exinfo->userclose          = 00007FF83E8246A0
[LOG] SystemI::createSoundInternal             : exinfo->userread           = 00007FF83E8247A0
[LOG] SystemI::createSoundInternal             : exinfo->userseek           = 00007FF83E824860
[LOG] SystemI::createSoundInternal             : exinfo->fileuserdata       = 000000CDDF9E7598
[LOG] SystemI::createSoundInternal             : exinfo->initialseekpostype = 1
[LOG] SystemI::DSPCodecPoolRegister            : register codec pool for pool type 5
[LOG] SystemI::createSoundInternal             : Sample 0/1: name='sfx_drawCard2', format=5, channels=2, frequency=48000, lengthbytes=3328, lengthpcm=11571, pcmblocksize=0, loopstart=0, loopend=0, mode=0x00000000, channelmask=0x00000000, channelorder=0, peakvolume=0.348572.
[LOG] SystemI::createSoundInternal             : Create name='', mode=0x02000202
[LOG] SystemI::createSoundInternal             : exinfo->cbsize             = 224
[LOG] SystemI::createSoundInternal             : exinfo->length             = 7030624
[LOG] SystemI::createSoundInternal             : exinfo->fileoffset         = 8672
[LOG] SystemI::createSoundInternal             : exinfo->numsubsounds       = 1
[LOG] SystemI::createSoundInternal             : exinfo->inclusionlist      = 000000CE039EEF58
[LOG] SystemI::createSoundInternal             : exinfo->inclusionlistnum   = 1
[LOG] SystemI::createSoundInternal             : exinfo->suggestedsoundtype = 5
[LOG] SystemI::createSoundInternal             : exinfo->useropen           = 00007FF83E8246D0
[LOG] SystemI::createSoundInternal             : exinfo->userclose          = 00007FF83E8246A0
[LOG] SystemI::createSoundInternal             : exinfo->userread           = 00007FF83E8247A0
[LOG] SystemI::createSoundInternal             : exinfo->userseek           = 00007FF83E824860
[LOG] SystemI::createSoundInternal             : exinfo->fileuserdata       = 000000CDDF9E5498
[LOG] SystemI::createSoundInternal             : exinfo->initialseekpostype = 1
[LOG] SystemI::DSPCodecPoolRegister            : register codec pool for pool type 5
[LOG] SystemI::createSoundInternal             : Sample 0/1: name='sfx_playCard', format=5, channels=2, frequency=48000, lengthbytes=3360, lengthpcm=10285, pcmblocksize=0, loopstart=0, loopend=0, mode=0x00000000, channelmask=0x00000000, channelorder=0, peakvolume=0.936249.
[LOG] SystemI::mixerSuspend                    : Suspending output.
[LOG] SystemI::mixerResume                     : Resuming output.
[LOG] AsyncThread::threadFunc                  : Starting Asynchronous operation on sound 000000CDD9D7AF88
[LOG] AsyncThread::threadFunc                  : Finished Asynchronous operation on sound 000000CDD9D7AF88
[LOG] AsyncThread::threadFunc                  : Starting Asynchronous operation on sound 000000CDD9D7B7F8
[LOG] AsyncThread::threadFunc                  : Finished Asynchronous operation on sound 000000CDD9D7B7F8
[LOG] AsyncThread::threadFunc                  : Starting Asynchronous operation on sound 000000CDD9D7ADD8
[LOG] AsyncThread::threadFunc                  : Finished Asynchronous operation on sound 000000CDD9D7ADD8
[LOG] AsyncThread::threadFunc                  : Starting Asynchronous operation on sound 000000CDD9D7B9A8
[LOG] AsyncThread::threadFunc                  : Finished Asynchronous operation on sound 000000CDD9D7B9A8
[LOG] AsyncThread::threadFunc                  : Starting Asynchronous operation on sound 000000CDD9D7AA78
[LOG] AsyncThread::threadFunc                  : Finished Asynchronous operation on sound 000000CDD9D7AA78
[LOG] SoundI::release                          : mus_battleBasic (000000CDD9D7B648)
[LOG] SoundI::release                          :     mus_battleBasic (000000CDDF65A148)
[LOG] SoundI::release                          :     mus_battleBasic (000000CDD9D7AF88)
[LOG] SoundI::release                          : ambLayer2 (000000CDD9D7B498)
[LOG] SoundI::release                          :     ambLayer2 (000000CDDF658F68)
[LOG] SoundI::release                          :     ambLayer2 (000000CDD9D7ADD8)
[LOG] SoundI::release                          : ambLayer3 (000000CDD9D7C578)
[LOG] SoundI::release                          :     ambLayer3 (000000CDDF65AE48)
[LOG] SoundI::release                          :     ambLayer3 (000000CDD9D7AA78)
[LOG] SoundI::release                          : ambLayer4 (000000CDD9D7C218)
[LOG] SoundI::release                          :     ambLayer4 (000000CDDF65ACA8)
[LOG] SoundI::release                          :     ambLayer4 (000000CDD9D7B9A8)
[LOG] SoundI::release                          : ambLayer1 (000000CDD9D7B2E8)
[LOG] SoundI::release                          :     ambLayer1 (000000CDDF658408)
[LOG] SoundI::release                          :     ambLayer1 (000000CDD9D7B7F8)
[LOG] SoundI::release                          :  (000000CD47B0D478)
[LOG] SoundI::release                          :     sfx_drawCard1 (000000CDDF65AFE8)
[LOG] SoundI::release                          :  (000000CD47B0D5E8)
[LOG] SoundI::release                          :     sfx_drawCard2 (000000CDDF658A88)
[LOG] SoundI::release                          :  (000000CBE47D85A8)
[LOG] SoundI::release                          :     sfx_playCard (000000CDDF65B188)
[LOG] Thread::callback                         : FMOD Studio update thread finished.
[LOG] Thread::callback                         : FMOD Studio bank load thread finished.
[LOG] Profile::disconnectAll                   : Profiler disconnecting all clients
[LOG] Thread::callback                         : FMOD Studio sample load thread finished.
[LOG] LiveUpdate::release                      : 
[LOG] LiveUpdate::reset                        : Reset connection (reason Disconnected)
[LOG] Thread::callback                         : FMOD stream thread finished.
[LOG] Thread::callback                         : FMOD mixer thread finished.
[LOG] Profile::disconnectAll                   : Profiler disconnecting all clients
[LOG] SystemI::close                           : Closed.
